DEBUG:urllib3.connectionpool:Starting new HTTP connection (1): www.coppoweb.com:80
DEBUG:urllib3.connectionpool:http://www.coppoweb.com:80 "GET /gazette/fr.gazette0.php?numero=26&detail=2&PHPSESSID=e45865a5d3e5953a2f59c6e0ed0395b7 HTTP/1.1" 200 None
DEBUG:urllib3.connectionpool:Starting new HTTPS connection (1): archive.org:443
DEBUG:urllib3.connectionpool:https://archive.org:443 "GET /details/campcourtandsie00hoffgoog HTTP/1.1" 200 None
DEBUG:urllib3.connectionpool:Starting new HTTPS connection (1): archive.org:443
DEBUG:urllib3.connectionpool:https://archive.org:443 "GET /details/campcourtandsie00hoffgoog/page/n293 HTTP/1.1" 200 None
DEBUG:urllib3.connectionpool:Starting new HTTPS connection (1): archive.org:443
DEBUG:urllib3.connectionpool:https://archive.org:443 "GET /details/terribleyearpari0000horn/page/208 HTTP/1.1" 200 None
DEBUG:urllib3.connectionpool:Starting new HTTPS connection (1): www.gutenberg.org:443
DEBUG:urllib3.connectionpool:https://www.gutenberg.org:443 "GET /ebooks/19263 HTTP/1.1" 200 4729
DEBUG:urllib3.connectionpool:Starting new HTTP connection (1): www.coppoweb.com:80
DEBUG:urllib3.connectionpool:http://www.coppoweb.com:80 "GET /gazette/fr.1870elep.php HTTP/1.1" 200 None
DEBUG:urllib3.connectionpool:Starting new HTTP connection (1): www.coppoweb.com:80
DEBUG:urllib3.connectionpool:http://www.coppoweb.com:80 "GET /gazette/ HTTP/1.1" 200 None
DEBUG:urllib3.connectionpool:Starting new HTTP connection (1): perso.orange.fr:80
DEBUG:urllib3.connectionpool:http://perso.orange.fr:80 "GET /fdlj/lettres%20de%20Caroline.htm HTTP/1.1" 301 259
DEBUG:urllib3.connectionpool:Starting new HTTP connection (1): fdlj.perso.orange.fr:80
DEBUG:urllib3.connectionpool:http://fdlj.perso.orange.fr:80 "GET /lettres%20de%20Caroline.htm HTTP/1.1" 302 217
DEBUG:urllib3.connectionpool:Starting new HTTPS connection (1): r.orange.fr:443
DEBUG:urllib3.connectionpool:https://r.orange.fr:443 "GET /r/Oerreur_404 HTTP/1.1" 301 0
DEBUG:urllib3.connectionpool:Starting new HTTPS connection (1): e.orange.fr:443
DEBUG:urllib3.connectionpool:https://e.orange.fr:443 "GET /error404.html HTTP/1.1" 404 1990
DEBUG:urllib3.connectionpool:Starting new HTTP connection (1): gabrielgadfly.com:80
DEBUG:urllib3.connectionpool:http://gabrielgadfly.com:80 "GET /poetry/castor-and-pollux-and-the-siege-of-paris HTTP/1.1" 302 189
DEBUG:urllib3.connectionpool:Starting new HTTPS connection (1): www.hugedomains.com:443
DEBUG:urllib3.connectionpool:https://www.hugedomains.com:443 "GET /domain_profile.cfm?d=gabrielgadfly&e=com HTTP/1.1" 200 None
DEBUG:urllib3.connectionpool:Starting new HTTPS connection (1): books.google.com:443
DEBUG:urllib3.connectionpool:https://books.google.com:443 "GET /books?id=RbUbGQAACAAJ HTTP/1.1" 302 258
DEBUG:urllib3.connectionpool:Starting new HTTPS connection (1): books.google.fr:443
DEBUG:urllib3.connectionpool:https://books.google.fr:443 "GET /books?id=RbUbGQAACAAJ&redir_esc=y HTTP/1.1" 200 None
DEBUG:urllib3.connectionpool:Starting new HTTP connection (1): www.wildcoastholidays.com:80
DEBUG:urllib3.connectionpool:http://www.wildcoastholidays.com:80 "GET /tales_of_interest.html HTTP/1.1" 302 240
DEBUG:urllib3.connectionpool:Starting new HTTPS connection (1): www.wildcoastholidays.com:443
DEBUG:urllib3.connectionpool:https://www.wildcoastholidays.com:443 "GET /tales_of_interest.html HTTP/1.1" 404 315
DEBUG:urllib3.connectionpool:Starting new HTTP connection (1): www.zululand.kzn.org.za:80
DEBUG:urllib3.connectionpool:http://www.zululand.kzn.org.za:80 "GET /zululand/about/211.html HTTP/1.1" 301 321
DEBUG:urllib3.connectionpool:Starting new HTTP connection (1): www.zulu.org.za:80
DEBUG:urllib3.connectionpool:http://www.zulu.org.za:80 "GET /destinations/zululand HTTP/1.1" 403 None
DEBUG:urllib3.connectionpool:Starting new HTTPS connection (1): web.archive.org:443
